nohup: ignoring input
18:28:17 | Params:
18:28:17 |     batch_size: 32
18:28:17 |     beta1: 0.9
18:28:17 |     beta2: 0.98
18:28:17 |     context_length: 17
18:28:17 |     data_img: /data3/ycb/Files/Datasets/Flickr30K/flickr30k-images
18:28:17 |     data_json: /data1/lyh/clip_qie/Datas/flickr30k/
18:28:17 |     epoch_num: 10
18:28:17 |     eps: 1e-06
18:28:17 |     exp_name: 2026-04-20-18-28-17
18:28:17 |     log_file: train_log/2026-04-20-18-28-17
18:28:17 |     log_level: 20
18:28:17 |     log_path: train_log/2026-04-20-18-28-17/log.log
18:28:17 |     lr: 1e-05
18:28:17 |     num_workers: 4
18:28:17 |     precision: amp
18:28:17 |     pretrain: /data2/ly/clip_pretrain/ViT-B-16.pt
18:28:17 |     print_freq: 5
18:28:17 |     save_ckpt: False
18:28:17 |     train_log: train_log/
18:28:17 |     warmup: 100
18:28:17 |     wd: 0.001
18:28:17 | Dataset:
/data1/soft/Anaconda3-2022.05/envs/ly_clip_38/lib/python3.8/site-packages/torchvision/transforms/transforms.py:280: UserWarning: Argument interpolation should be of type InterpolationMode instead of int. Please, use InterpolationMode enum.
  warnings.warn(
18:28:17 |     train_data: 153915
18:28:17 |     test_data: 5000
18:28:26 | Start:
18:28:26 | Epoch 0: ====================================================================================================
18:28:26 | <Zero-shot Val&Test>
18:28:39 | val   Image to text: 84.40, 96.80, 98.70
18:28:39 | val   Text to image: 63.92, 85.66, 91.46
18:28:39 | val   Now_epoch , rsum:  0, 520.940
18:28:39 | val   Best_epoch, rsum:  0, 520.940
18:28:51 | test  Image to text: 84.40, 96.80, 98.70
18:28:51 | test  Text to image: 63.92, 85.66, 91.46
18:28:51 | test  Now_epoch , rsum:  0, 520.940
18:28:51 | test  Best_epoch, rsum:  0, 520.940
18:28:51 | <Train>
18:28:52 | Train Epoch: 0 logit_scale 4.605
18:28:52 | Train Epoch: 0 [0/153915 (0%)]	Time_d,m: 0.565,0.347	Lr: 0.000000	Loss_itc: 0.114078
18:31:45 | Train Epoch: 0 [30752/153915 (20%)]	Time_d,m: 0.003,0.177	Lr: 0.000010	Loss_itc: 0.059605
18:34:38 | Train Epoch: 0 [61504/153915 (40%)]	Time_d,m: 0.003,0.181	Lr: 0.000010	Loss_itc: 0.160925
18:37:30 | Train Epoch: 0 [92256/153915 (60%)]	Time_d,m: 0.002,0.180	Lr: 0.000010	Loss_itc: 0.180181
18:40:23 | Train Epoch: 0 [123008/153915 (80%)]	Time_d,m: 0.002,0.175	Lr: 0.000010	Loss_itc: 0.202601
18:43:16 | Train Epoch: 0 [153760/153915 (100%)]	Time_d,m: 0.002,0.177	Lr: 0.000010	Loss_itc: 0.443262
18:43:17 | <Val&Test>
18:43:30 | val   Image to text: 81.10, 95.10, 98.10
18:43:30 | val   Text to image: 67.66, 89.22, 93.96
18:43:30 | val   Now_epoch , rsum:  0, 525.140
18:43:30 | val   Best_epoch, rsum:  0, 525.140
18:43:43 | test  Image to text: 81.10, 95.10, 98.10
18:43:43 | test  Text to image: 67.66, 89.22, 93.96
18:43:43 | test  Now_epoch , rsum:  0, 525.140
18:43:43 | test  Best_epoch, rsum:  0, 525.140
18:43:43 | Epoch 1: ====================================================================================================
18:43:43 | <Train>
18:43:43 | Train Epoch: 1 logit_scale 4.601
18:43:43 | Train Epoch: 1 [0/153915 (0%)]	Time_d,m: 0.616,0.188	Lr: 0.000010	Loss_itc: 0.155292
18:46:36 | Train Epoch: 1 [30752/153915 (20%)]	Time_d,m: 0.004,0.188	Lr: 0.000010	Loss_itc: 0.074410
18:49:28 | Train Epoch: 1 [61504/153915 (40%)]	Time_d,m: 0.003,0.174	Lr: 0.000010	Loss_itc: 0.002166
18:52:19 | Train Epoch: 1 [92256/153915 (60%)]	Time_d,m: 0.003,0.176	Lr: 0.000009	Loss_itc: 0.229035
18:55:11 | Train Epoch: 1 [123008/153915 (80%)]	Time_d,m: 0.004,0.173	Lr: 0.000009	Loss_itc: 0.051105
18:58:02 | Train Epoch: 1 [153760/153915 (100%)]	Time_d,m: 0.002,0.179	Lr: 0.000009	Loss_itc: 0.218841
18:58:03 | <Val&Test>
18:58:16 | val   Image to text: 80.80, 95.00, 98.30
18:58:16 | val   Text to image: 65.58, 89.74, 94.62
18:58:16 | val   Now_epoch , rsum:  1, 524.040
18:58:16 | val   Best_epoch, rsum:  0, 525.140
18:58:29 | test  Image to text: 80.80, 95.00, 98.30
18:58:29 | test  Text to image: 65.58, 89.74, 94.62
18:58:29 | test  Now_epoch , rsum:  1, 524.040
18:58:29 | test  Best_epoch, rsum:  0, 525.140
18:58:29 | Epoch 2: ====================================================================================================
18:58:29 | <Train>
18:58:29 | Train Epoch: 2 logit_scale 4.599
18:58:29 | Train Epoch: 2 [0/153915 (0%)]	Time_d,m: 0.609,0.180	Lr: 0.000009	Loss_itc: 0.021879
19:01:21 | Train Epoch: 2 [30752/153915 (20%)]	Time_d,m: 0.003,0.174	Lr: 0.000009	Loss_itc: 0.005869
19:04:12 | Train Epoch: 2 [61504/153915 (40%)]	Time_d,m: 0.002,0.172	Lr: 0.000009	Loss_itc: 0.084008
19:07:02 | Train Epoch: 2 [92256/153915 (60%)]	Time_d,m: 0.002,0.173	Lr: 0.000008	Loss_itc: 0.023023
19:09:54 | Train Epoch: 2 [123008/153915 (80%)]	Time_d,m: 0.003,0.174	Lr: 0.000008	Loss_itc: 0.030910
19:12:45 | Train Epoch: 2 [153760/153915 (100%)]	Time_d,m: 0.003,0.174	Lr: 0.000008	Loss_itc: 0.145715
19:12:45 | <Val&Test>
19:12:58 | val   Image to text: 82.90, 95.30, 98.00
19:12:58 | val   Text to image: 68.42, 90.36, 94.12
19:12:58 | val   Now_epoch , rsum:  2, 529.100
19:12:58 | val   Best_epoch, rsum:  2, 529.100
19:13:11 | test  Image to text: 82.90, 95.30, 98.00
19:13:11 | test  Text to image: 68.42, 90.36, 94.12
19:13:11 | test  Now_epoch , rsum:  2, 529.100
19:13:11 | test  Best_epoch, rsum:  2, 529.100
19:13:11 | Epoch 3: ====================================================================================================
19:13:11 | <Train>
19:13:12 | Train Epoch: 3 logit_scale 4.597
19:13:12 | Train Epoch: 3 [0/153915 (0%)]	Time_d,m: 0.636,0.203	Lr: 0.000008	Loss_itc: 0.188471
19:16:02 | Train Epoch: 3 [30752/153915 (20%)]	Time_d,m: 0.002,0.177	Lr: 0.000008	Loss_itc: 0.021684
19:18:53 | Train Epoch: 3 [61504/153915 (40%)]	Time_d,m: 0.003,0.167	Lr: 0.000007	Loss_itc: 0.000510
19:21:45 | Train Epoch: 3 [92256/153915 (60%)]	Time_d,m: 0.002,0.174	Lr: 0.000007	Loss_itc: 0.008760
19:24:35 | Train Epoch: 3 [123008/153915 (80%)]	Time_d,m: 0.004,0.173	Lr: 0.000007	Loss_itc: 0.117869
19:27:27 | Train Epoch: 3 [153760/153915 (100%)]	Time_d,m: 0.002,0.173	Lr: 0.000007	Loss_itc: 0.030754
19:27:28 | <Val&Test>
19:27:40 | val   Image to text: 82.10, 95.80, 97.90
19:27:40 | val   Text to image: 68.94, 90.24, 94.54
19:27:40 | val   Now_epoch , rsum:  3, 529.520
19:27:40 | val   Best_epoch, rsum:  3, 529.520
19:27:53 | test  Image to text: 82.10, 95.80, 97.90
19:27:53 | test  Text to image: 68.94, 90.24, 94.54
19:27:53 | test  Now_epoch , rsum:  3, 529.520
19:27:53 | test  Best_epoch, rsum:  3, 529.520
19:27:53 | Epoch 4: ====================================================================================================
19:27:53 | <Train>
19:27:54 | Train Epoch: 4 logit_scale 4.596
19:27:54 | Train Epoch: 4 [0/153915 (0%)]	Time_d,m: 0.658,0.195	Lr: 0.000007	Loss_itc: 0.042478
19:30:46 | Train Epoch: 4 [30752/153915 (20%)]	Time_d,m: 0.003,0.173	Lr: 0.000006	Loss_itc: 0.003791
19:33:38 | Train Epoch: 4 [61504/153915 (40%)]	Time_d,m: 0.002,0.174	Lr: 0.000006	Loss_itc: 0.000428
19:36:30 | Train Epoch: 4 [92256/153915 (60%)]	Time_d,m: 0.004,0.177	Lr: 0.000006	Loss_itc: 0.003376
19:39:20 | Train Epoch: 4 [123008/153915 (80%)]	Time_d,m: 0.002,0.173	Lr: 0.000005	Loss_itc: 0.003790
19:42:11 | Train Epoch: 4 [153760/153915 (100%)]	Time_d,m: 0.002,0.173	Lr: 0.000005	Loss_itc: 0.039078
19:42:12 | <Val&Test>
19:42:25 | val   Image to text: 84.00, 97.00, 98.50
19:42:25 | val   Text to image: 70.62, 90.98, 94.86
19:42:25 | val   Now_epoch , rsum:  4, 535.960
19:42:25 | val   Best_epoch, rsum:  4, 535.960
19:42:38 | test  Image to text: 84.00, 97.00, 98.50
19:42:38 | test  Text to image: 70.62, 90.98, 94.86
19:42:38 | test  Now_epoch , rsum:  4, 535.960
19:42:38 | test  Best_epoch, rsum:  4, 535.960
19:42:38 | Epoch 5: ====================================================================================================
19:42:38 | <Train>
19:42:39 | Train Epoch: 5 logit_scale 4.595
19:42:39 | Train Epoch: 5 [0/153915 (0%)]	Time_d,m: 0.628,0.191	Lr: 0.000005	Loss_itc: 0.122066
19:45:29 | Train Epoch: 5 [30752/153915 (20%)]	Time_d,m: 0.002,0.173	Lr: 0.000005	Loss_itc: 0.006924
19:48:19 | Train Epoch: 5 [61504/153915 (40%)]	Time_d,m: 0.002,0.174	Lr: 0.000004	Loss_itc: 0.006627
19:51:09 | Train Epoch: 5 [92256/153915 (60%)]	Time_d,m: 0.002,0.173	Lr: 0.000004	Loss_itc: 0.003038
19:53:59 | Train Epoch: 5 [123008/153915 (80%)]	Time_d,m: 0.009,0.167	Lr: 0.000004	Loss_itc: 0.000450
19:56:49 | Train Epoch: 5 [153760/153915 (100%)]	Time_d,m: 0.002,0.172	Lr: 0.000003	Loss_itc: 0.072932
19:56:50 | <Val&Test>
19:57:03 | val   Image to text: 84.90, 96.50, 98.90
19:57:03 | val   Text to image: 71.02, 91.10, 95.34
19:57:03 | val   Now_epoch , rsum:  5, 537.760
19:57:03 | val   Best_epoch, rsum:  5, 537.760
19:57:16 | test  Image to text: 84.90, 96.50, 98.90
19:57:16 | test  Text to image: 71.02, 91.10, 95.34
19:57:16 | test  Now_epoch , rsum:  5, 537.760
19:57:16 | test  Best_epoch, rsum:  5, 537.760
19:57:16 | Epoch 6: ====================================================================================================
19:57:16 | <Train>
19:57:16 | Train Epoch: 6 logit_scale 4.595
19:57:16 | Train Epoch: 6 [0/153915 (0%)]	Time_d,m: 0.657,0.194	Lr: 0.000003	Loss_itc: 0.057908
20:00:07 | Train Epoch: 6 [30752/153915 (20%)]	Time_d,m: 0.002,0.174	Lr: 0.000003	Loss_itc: 0.023273
20:02:58 | Train Epoch: 6 [61504/153915 (40%)]	Time_d,m: 0.004,0.172	Lr: 0.000003	Loss_itc: 0.068173
20:05:50 | Train Epoch: 6 [92256/153915 (60%)]	Time_d,m: 0.004,0.171	Lr: 0.000003	Loss_itc: 0.033034
20:08:41 | Train Epoch: 6 [123008/153915 (80%)]	Time_d,m: 0.004,0.171	Lr: 0.000002	Loss_itc: 0.021686
20:11:31 | Train Epoch: 6 [153760/153915 (100%)]	Time_d,m: 0.003,0.178	Lr: 0.000002	Loss_itc: 0.003399
20:11:32 | <Val&Test>
20:11:45 | val   Image to text: 87.40, 97.70, 98.80
20:11:45 | val   Text to image: 74.20, 92.86, 96.26
20:11:45 | val   Now_epoch , rsum:  6, 547.220
20:11:45 | val   Best_epoch, rsum:  6, 547.220
20:11:58 | test  Image to text: 87.40, 97.70, 98.80
20:11:58 | test  Text to image: 74.20, 92.86, 96.26
20:11:58 | test  Now_epoch , rsum:  6, 547.220
20:11:58 | test  Best_epoch, rsum:  6, 547.220
20:11:58 | Epoch 7: ====================================================================================================
20:11:58 | <Train>
20:11:59 | Train Epoch: 7 logit_scale 4.595
20:11:59 | Train Epoch: 7 [0/153915 (0%)]	Time_d,m: 0.650,0.175	Lr: 0.000002	Loss_itc: 0.018873
20:14:50 | Train Epoch: 7 [30752/153915 (20%)]	Time_d,m: 0.002,0.173	Lr: 0.000002	Loss_itc: 0.006738
20:17:40 | Train Epoch: 7 [61504/153915 (40%)]	Time_d,m: 0.002,0.174	Lr: 0.000002	Loss_itc: 0.001747
20:20:31 | Train Epoch: 7 [92256/153915 (60%)]	Time_d,m: 0.003,0.174	Lr: 0.000001	Loss_itc: 0.009742
20:23:21 | Train Epoch: 7 [123008/153915 (80%)]	Time_d,m: 0.003,0.177	Lr: 0.000001	Loss_itc: 0.000049
20:26:11 | Train Epoch: 7 [153760/153915 (100%)]	Time_d,m: 0.002,0.172	Lr: 0.000001	Loss_itc: 0.001423
20:26:12 | <Val&Test>
20:26:25 | val   Image to text: 88.30, 98.40, 99.40
20:26:25 | val   Text to image: 74.62, 93.16, 96.44
20:26:25 | val   Now_epoch , rsum:  7, 550.320
20:26:25 | val   Best_epoch, rsum:  7, 550.320
20:26:38 | test  Image to text: 88.30, 98.40, 99.40
20:26:38 | test  Text to image: 74.62, 93.16, 96.44
20:26:38 | test  Now_epoch , rsum:  7, 550.320
20:26:38 | test  Best_epoch, rsum:  7, 550.320
20:26:38 | Epoch 8: ====================================================================================================
20:26:38 | <Train>
20:26:39 | Train Epoch: 8 logit_scale 4.595
20:26:39 | Train Epoch: 8 [0/153915 (0%)]	Time_d,m: 0.657,0.178	Lr: 0.000001	Loss_itc: 0.080761
20:29:30 | Train Epoch: 8 [30752/153915 (20%)]	Time_d,m: 0.002,0.173	Lr: 0.000001	Loss_itc: 0.002649
20:32:21 | Train Epoch: 8 [61504/153915 (40%)]	Time_d,m: 0.002,0.173	Lr: 0.000001	Loss_itc: 0.001105
20:35:11 | Train Epoch: 8 [92256/153915 (60%)]	Time_d,m: 0.002,0.173	Lr: 0.000000	Loss_itc: 0.000283
20:38:02 | Train Epoch: 8 [123008/153915 (80%)]	Time_d,m: 0.002,0.176	Lr: 0.000000	Loss_itc: 0.001489
20:40:53 | Train Epoch: 8 [153760/153915 (100%)]	Time_d,m: 0.002,0.172	Lr: 0.000000	Loss_itc: 0.000216
20:40:54 | <Val&Test>
20:41:06 | val   Image to text: 88.50, 98.30, 99.50
20:41:06 | val   Text to image: 75.74, 93.46, 96.70
20:41:06 | val   Now_epoch , rsum:  8, 552.200
20:41:06 | val   Best_epoch, rsum:  8, 552.200
20:41:19 | test  Image to text: 88.50, 98.30, 99.50
20:41:19 | test  Text to image: 75.74, 93.46, 96.70
20:41:19 | test  Now_epoch , rsum:  8, 552.200
20:41:19 | test  Best_epoch, rsum:  8, 552.200
20:41:19 | Epoch 9: ====================================================================================================
20:41:19 | <Train>
20:41:20 | Train Epoch: 9 logit_scale 4.595
20:41:20 | Train Epoch: 9 [0/153915 (0%)]	Time_d,m: 0.646,0.183	Lr: 0.000000	Loss_itc: 0.000135
20:44:10 | Train Epoch: 9 [30752/153915 (20%)]	Time_d,m: 0.003,0.174	Lr: 0.000000	Loss_itc: 0.001355
20:47:00 | Train Epoch: 9 [61504/153915 (40%)]	Time_d,m: 0.003,0.172	Lr: 0.000000	Loss_itc: 0.041661
20:49:51 | Train Epoch: 9 [92256/153915 (60%)]	Time_d,m: 0.002,0.178	Lr: 0.000000	Loss_itc: 0.000211
20:52:41 | Train Epoch: 9 [123008/153915 (80%)]	Time_d,m: 0.002,0.172	Lr: 0.000000	Loss_itc: 0.000389
20:55:31 | Train Epoch: 9 [153760/153915 (100%)]	Time_d,m: 0.002,0.174	Lr: 0.000000	Loss_itc: 0.006740
20:55:32 | <Val&Test>
20:55:45 | val   Image to text: 88.80, 98.00, 99.40
20:55:45 | val   Text to image: 76.18, 93.54, 96.76
20:55:45 | val   Now_epoch , rsum:  9, 552.680
20:55:45 | val   Best_epoch, rsum:  9, 552.680
20:55:58 | test  Image to text: 88.80, 98.00, 99.40
20:55:58 | test  Text to image: 76.18, 93.54, 96.76
20:55:58 | test  Now_epoch , rsum:  9, 552.680
20:55:58 | test  Best_epoch, rsum:  9, 552.680
All_time:  8851.651826143265
