nohup: ignoring input
18:43:54 | Params:
18:43:54 |     batch_size: 32
18:43:54 |     beta1: 0.9
18:43:54 |     beta2: 0.98
18:43:54 |     context_length: 17
18:43:54 |     data_img: /data3/ycb/Files/Datasets/COCO2014
18:43:54 |     data_json: /data1/lyh/clip_qie/Datas/coco/
18:43:54 |     epoch_num: 10
18:43:54 |     eps: 1e-06
18:43:54 |     exp_name: 2026-04-20-18-43-54
18:43:54 |     log_file: train_log/2026-04-20-18-43-54
18:43:54 |     log_level: 20
18:43:54 |     log_path: train_log/2026-04-20-18-43-54/log.log
18:43:54 |     lr: 1e-05
18:43:54 |     num_workers: 4
18:43:54 |     precision: amp
18:43:54 |     pretrain: /data2/ly/clip_pretrain/ViT-B-16.pt
18:43:54 |     print_freq: 5
18:43:54 |     save_ckpt: False
18:43:54 |     train_log: train_log/
18:43:54 |     warmup: 100
18:43:54 |     wd: 0.001
18:43:54 | Dataset:
/data1/soft/Anaconda3-2022.05/envs/ly_clip_38/lib/python3.8/site-packages/torchvision/transforms/transforms.py:280: UserWarning: Argument interpolation should be of type InterpolationMode instead of int. Please, use InterpolationMode enum.
  warnings.warn(
18:43:55 |     train_data: 566435
18:43:55 |     test_data: 25000
18:44:04 | Start:
18:44:04 | Epoch 0: ====================================================================================================
18:44:04 | <Zero-shot Val&Test>
18:45:04 | val   Image to text: 52.52, 76.72, 84.62
18:45:04 | val   Text to image: 33.07, 58.37, 68.96
18:45:04 | val   Now_epoch , rsum:  0, 374.260
18:45:04 | val   Best_epoch, rsum:  0, 374.260
18:46:05 | test  Image to text: 52.52, 76.72, 84.62
18:46:05 | test  Text to image: 33.07, 58.37, 68.96
18:46:05 | test  Now_epoch , rsum:  0, 374.260
18:46:05 | test  Best_epoch, rsum:  0, 374.260
18:46:05 | <Train>
18:46:06 | Train Epoch: 0 logit_scale 4.605
18:46:06 | Train Epoch: 0 [0/566435 (0%)]	Time_d,m: 0.558,0.719	Lr: 0.000000	Loss_itc: 0.142828
18:56:39 | Train Epoch: 0 [113280/566435 (20%)]	Time_d,m: 0.002,0.179	Lr: 0.000010	Loss_itc: 0.140175
19:07:12 | Train Epoch: 0 [226560/566435 (40%)]	Time_d,m: 0.002,0.178	Lr: 0.000010	Loss_itc: 0.156128
19:17:44 | Train Epoch: 0 [339840/566435 (60%)]	Time_d,m: 0.002,0.175	Lr: 0.000010	Loss_itc: 0.207467
19:28:16 | Train Epoch: 0 [453120/566435 (80%)]	Time_d,m: 0.002,0.176	Lr: 0.000010	Loss_itc: 0.269021
19:38:48 | Train Epoch: 0 [566400/566435 (100%)]	Time_d,m: 0.002,0.175	Lr: 0.000010	Loss_itc: 0.142063
19:38:48 | <Val&Test>
19:39:50 | val   Image to text: 51.20, 75.92, 85.16
19:39:50 | val   Text to image: 37.04, 65.62, 77.10
19:39:50 | val   Now_epoch , rsum:  0, 392.040
19:39:50 | val   Best_epoch, rsum:  0, 392.040
19:40:51 | test  Image to text: 51.20, 75.92, 85.16
19:40:51 | test  Text to image: 37.04, 65.62, 77.10
19:40:51 | test  Now_epoch , rsum:  0, 392.040
19:40:51 | test  Best_epoch, rsum:  0, 392.040
19:40:51 | Epoch 1: ====================================================================================================
19:40:51 | <Train>
19:40:52 | Train Epoch: 1 logit_scale 4.594
19:40:52 | Train Epoch: 1 [0/566435 (0%)]	Time_d,m: 0.617,0.184	Lr: 0.000010	Loss_itc: 0.075194
19:51:22 | Train Epoch: 1 [113280/566435 (20%)]	Time_d,m: 0.002,0.175	Lr: 0.000010	Loss_itc: 0.208959
20:01:53 | Train Epoch: 1 [226560/566435 (40%)]	Time_d,m: 0.002,0.179	Lr: 0.000010	Loss_itc: 0.150289
20:12:25 | Train Epoch: 1 [339840/566435 (60%)]	Time_d,m: 0.002,0.180	Lr: 0.000009	Loss_itc: 0.097159
20:22:57 | Train Epoch: 1 [453120/566435 (80%)]	Time_d,m: 0.002,0.174	Lr: 0.000009	Loss_itc: 0.162376
20:33:29 | Train Epoch: 1 [566400/566435 (100%)]	Time_d,m: 0.002,0.173	Lr: 0.000009	Loss_itc: 0.006520
20:33:29 | <Val&Test>
20:34:30 | val   Image to text: 50.92, 77.06, 86.16
20:34:30 | val   Text to image: 37.98, 67.48, 78.53
20:34:30 | val   Now_epoch , rsum:  1, 398.132
20:34:30 | val   Best_epoch, rsum:  1, 398.132
20:35:32 | test  Image to text: 50.92, 77.06, 86.16
20:35:32 | test  Text to image: 37.98, 67.48, 78.53
20:35:32 | test  Now_epoch , rsum:  1, 398.132
20:35:32 | test  Best_epoch, rsum:  1, 398.132
20:35:32 | Epoch 2: ====================================================================================================
20:35:32 | <Train>
20:35:32 | Train Epoch: 2 logit_scale 4.586
20:35:32 | Train Epoch: 2 [0/566435 (0%)]	Time_d,m: 0.647,0.180	Lr: 0.000009	Loss_itc: 0.160936
20:46:05 | Train Epoch: 2 [113280/566435 (20%)]	Time_d,m: 0.002,0.174	Lr: 0.000009	Loss_itc: 0.048770
20:56:37 | Train Epoch: 2 [226560/566435 (40%)]	Time_d,m: 0.002,0.174	Lr: 0.000009	Loss_itc: 0.330758
21:07:05 | Train Epoch: 2 [339840/566435 (60%)]	Time_d,m: 0.002,0.176	Lr: 0.000008	Loss_itc: 0.079525
21:17:35 | Train Epoch: 2 [453120/566435 (80%)]	Time_d,m: 0.002,0.181	Lr: 0.000008	Loss_itc: 0.156741
21:28:05 | Train Epoch: 2 [566400/566435 (100%)]	Time_d,m: 0.002,0.172	Lr: 0.000008	Loss_itc: 0.092152
21:28:05 | <Val&Test>
21:29:06 | val   Image to text: 51.16, 76.90, 85.48
21:29:06 | val   Text to image: 37.60, 67.14, 78.31
21:29:06 | val   Now_epoch , rsum:  2, 396.584
21:29:06 | val   Best_epoch, rsum:  1, 398.132
21:30:08 | test  Image to text: 51.16, 76.90, 85.48
21:30:08 | test  Text to image: 37.60, 67.14, 78.31
21:30:08 | test  Now_epoch , rsum:  2, 396.584
21:30:08 | test  Best_epoch, rsum:  1, 398.132
21:30:08 | Epoch 3: ====================================================================================================
21:30:08 | <Train>
21:30:09 | Train Epoch: 3 logit_scale 4.580
21:30:09 | Train Epoch: 3 [0/566435 (0%)]	Time_d,m: 0.630,0.173	Lr: 0.000008	Loss_itc: 0.104191
21:40:38 | Train Epoch: 3 [113280/566435 (20%)]	Time_d,m: 0.002,0.174	Lr: 0.000008	Loss_itc: 0.200316
21:51:07 | Train Epoch: 3 [226560/566435 (40%)]	Time_d,m: 0.002,0.177	Lr: 0.000007	Loss_itc: 0.085180
22:01:35 | Train Epoch: 3 [339840/566435 (60%)]	Time_d,m: 0.002,0.173	Lr: 0.000007	Loss_itc: 0.038311
22:12:03 | Train Epoch: 3 [453120/566435 (80%)]	Time_d,m: 0.002,0.173	Lr: 0.000007	Loss_itc: 0.028782
22:22:33 | Train Epoch: 3 [566400/566435 (100%)]	Time_d,m: 0.002,0.177	Lr: 0.000007	Loss_itc: 0.024425
22:22:33 | <Val&Test>
22:23:35 | val   Image to text: 52.02, 78.98, 87.32
22:23:35 | val   Text to image: 38.58, 68.42, 79.26
22:23:35 | val   Now_epoch , rsum:  3, 404.584
22:23:35 | val   Best_epoch, rsum:  3, 404.584
22:24:36 | test  Image to text: 52.02, 78.98, 87.32
22:24:36 | test  Text to image: 38.58, 68.42, 79.26
22:24:36 | test  Now_epoch , rsum:  3, 404.584
22:24:36 | test  Best_epoch, rsum:  3, 404.584
22:24:36 | Epoch 4: ====================================================================================================
22:24:36 | <Train>
22:24:37 | Train Epoch: 4 logit_scale 4.575
22:24:37 | Train Epoch: 4 [0/566435 (0%)]	Time_d,m: 0.617,0.179	Lr: 0.000007	Loss_itc: 0.018879
22:35:08 | Train Epoch: 4 [113280/566435 (20%)]	Time_d,m: 0.002,0.174	Lr: 0.000006	Loss_itc: 0.103388
22:45:38 | Train Epoch: 4 [226560/566435 (40%)]	Time_d,m: 0.002,0.175	Lr: 0.000006	Loss_itc: 0.022795
22:56:09 | Train Epoch: 4 [339840/566435 (60%)]	Time_d,m: 0.002,0.177	Lr: 0.000006	Loss_itc: 0.000692
23:06:39 | Train Epoch: 4 [453120/566435 (80%)]	Time_d,m: 0.002,0.177	Lr: 0.000005	Loss_itc: 0.014116
23:17:09 | Train Epoch: 4 [566400/566435 (100%)]	Time_d,m: 0.002,0.171	Lr: 0.000005	Loss_itc: 0.043244
23:17:09 | <Val&Test>
23:18:11 | val   Image to text: 54.32, 79.74, 88.86
23:18:11 | val   Text to image: 40.42, 70.12, 80.54
23:18:11 | val   Now_epoch , rsum:  4, 414.008
23:18:11 | val   Best_epoch, rsum:  4, 414.008
23:19:12 | test  Image to text: 54.32, 79.74, 88.86
23:19:12 | test  Text to image: 40.42, 70.12, 80.54
23:19:12 | test  Now_epoch , rsum:  4, 414.008
23:19:12 | test  Best_epoch, rsum:  4, 414.008
23:19:12 | Epoch 5: ====================================================================================================
23:19:12 | <Train>
23:19:13 | Train Epoch: 5 logit_scale 4.572
23:19:13 | Train Epoch: 5 [0/566435 (0%)]	Time_d,m: 0.617,0.176	Lr: 0.000005	Loss_itc: 0.001162
23:29:44 | Train Epoch: 5 [113280/566435 (20%)]	Time_d,m: 0.002,0.173	Lr: 0.000005	Loss_itc: 0.050359
23:40:13 | Train Epoch: 5 [226560/566435 (40%)]	Time_d,m: 0.002,0.176	Lr: 0.000004	Loss_itc: 0.053083
23:50:45 | Train Epoch: 5 [339840/566435 (60%)]	Time_d,m: 0.002,0.174	Lr: 0.000004	Loss_itc: 0.033788
00:01:17 | Train Epoch: 5 [453120/566435 (80%)]	Time_d,m: 0.002,0.174	Lr: 0.000004	Loss_itc: 0.136931
00:11:47 | Train Epoch: 5 [566400/566435 (100%)]	Time_d,m: 0.002,0.172	Lr: 0.000003	Loss_itc: 0.011107
00:11:47 | <Val&Test>
00:12:48 | val   Image to text: 58.04, 82.88, 89.62
00:12:48 | val   Text to image: 42.51, 72.06, 82.30
00:12:48 | val   Now_epoch , rsum:  5, 427.408
00:12:48 | val   Best_epoch, rsum:  5, 427.408
00:13:50 | test  Image to text: 58.04, 82.88, 89.62
00:13:50 | test  Text to image: 42.51, 72.06, 82.30
00:13:50 | test  Now_epoch , rsum:  5, 427.408
00:13:50 | test  Best_epoch, rsum:  5, 427.408
00:13:50 | Epoch 6: ====================================================================================================
00:13:50 | <Train>
00:13:51 | Train Epoch: 6 logit_scale 4.570
00:13:51 | Train Epoch: 6 [0/566435 (0%)]	Time_d,m: 0.622,0.170	Lr: 0.000003	Loss_itc: 0.084914
00:24:19 | Train Epoch: 6 [113280/566435 (20%)]	Time_d,m: 0.002,0.174	Lr: 0.000003	Loss_itc: 0.044606
00:34:49 | Train Epoch: 6 [226560/566435 (40%)]	Time_d,m: 0.002,0.178	Lr: 0.000003	Loss_itc: 0.010686
00:45:19 | Train Epoch: 6 [339840/566435 (60%)]	Time_d,m: 0.002,0.181	Lr: 0.000003	Loss_itc: 0.033159
00:55:48 | Train Epoch: 6 [453120/566435 (80%)]	Time_d,m: 0.002,0.180	Lr: 0.000002	Loss_itc: 0.075430
01:06:19 | Train Epoch: 6 [566400/566435 (100%)]	Time_d,m: 0.002,0.175	Lr: 0.000002	Loss_itc: 0.002626
01:06:19 | <Val&Test>
01:07:20 | val   Image to text: 59.40, 84.24, 90.64
01:07:20 | val   Text to image: 44.24, 73.70, 83.56
01:07:20 | val   Now_epoch , rsum:  6, 435.776
01:07:20 | val   Best_epoch, rsum:  6, 435.776
01:08:22 | test  Image to text: 59.40, 84.24, 90.64
01:08:22 | test  Text to image: 44.24, 73.70, 83.56
01:08:22 | test  Now_epoch , rsum:  6, 435.776
01:08:22 | test  Best_epoch, rsum:  6, 435.776
01:08:22 | Epoch 7: ====================================================================================================
01:08:22 | <Train>
01:08:23 | Train Epoch: 7 logit_scale 4.570
01:08:23 | Train Epoch: 7 [0/566435 (0%)]	Time_d,m: 0.613,0.167	Lr: 0.000002	Loss_itc: 0.009033
01:18:53 | Train Epoch: 7 [113280/566435 (20%)]	Time_d,m: 0.002,0.178	Lr: 0.000002	Loss_itc: 0.058533
01:29:24 | Train Epoch: 7 [226560/566435 (40%)]	Time_d,m: 0.002,0.173	Lr: 0.000002	Loss_itc: 0.026508
01:39:55 | Train Epoch: 7 [339840/566435 (60%)]	Time_d,m: 0.002,0.182	Lr: 0.000001	Loss_itc: 0.056427
01:50:24 | Train Epoch: 7 [453120/566435 (80%)]	Time_d,m: 0.002,0.175	Lr: 0.000001	Loss_itc: 0.001809
02:00:55 | Train Epoch: 7 [566400/566435 (100%)]	Time_d,m: 0.002,0.172	Lr: 0.000001	Loss_itc: 0.007428
02:00:55 | <Val&Test>
02:01:56 | val   Image to text: 61.78, 85.42, 92.10
02:01:56 | val   Text to image: 45.93, 74.74, 84.43
02:01:56 | val   Now_epoch , rsum:  7, 444.396
02:01:56 | val   Best_epoch, rsum:  7, 444.396
02:02:58 | test  Image to text: 61.78, 85.42, 92.10
02:02:58 | test  Text to image: 45.93, 74.74, 84.43
02:02:58 | test  Now_epoch , rsum:  7, 444.396
02:02:58 | test  Best_epoch, rsum:  7, 444.396
02:02:58 | Epoch 8: ====================================================================================================
02:02:58 | <Train>
02:02:59 | Train Epoch: 8 logit_scale 4.569
02:02:59 | Train Epoch: 8 [0/566435 (0%)]	Time_d,m: 0.624,0.178	Lr: 0.000001	Loss_itc: 0.068201
02:13:31 | Train Epoch: 8 [113280/566435 (20%)]	Time_d,m: 0.002,0.175	Lr: 0.000001	Loss_itc: 0.000213
02:24:02 | Train Epoch: 8 [226560/566435 (40%)]	Time_d,m: 0.002,0.175	Lr: 0.000001	Loss_itc: 0.000706
02:34:33 | Train Epoch: 8 [339840/566435 (60%)]	Time_d,m: 0.002,0.183	Lr: 0.000000	Loss_itc: 0.029803
02:45:05 | Train Epoch: 8 [453120/566435 (80%)]	Time_d,m: 0.002,0.176	Lr: 0.000000	Loss_itc: 0.010762
02:55:37 | Train Epoch: 8 [566400/566435 (100%)]	Time_d,m: 0.002,0.172	Lr: 0.000000	Loss_itc: 0.014233
02:55:37 | <Val&Test>
02:56:38 | val   Image to text: 61.86, 85.90, 92.08
02:56:38 | val   Text to image: 46.68, 75.66, 84.87
02:56:38 | val   Now_epoch , rsum:  8, 447.052
02:56:38 | val   Best_epoch, rsum:  8, 447.052
02:57:40 | test  Image to text: 61.86, 85.90, 92.08
02:57:40 | test  Text to image: 46.68, 75.66, 84.87
02:57:40 | test  Now_epoch , rsum:  8, 447.052
02:57:40 | test  Best_epoch, rsum:  8, 447.052
02:57:40 | Epoch 9: ====================================================================================================
02:57:40 | <Train>
02:57:41 | Train Epoch: 9 logit_scale 4.569
02:57:41 | Train Epoch: 9 [0/566435 (0%)]	Time_d,m: 0.631,0.171	Lr: 0.000000	Loss_itc: 0.000049
03:08:12 | Train Epoch: 9 [113280/566435 (20%)]	Time_d,m: 0.002,0.174	Lr: 0.000000	Loss_itc: 0.046476
03:18:43 | Train Epoch: 9 [226560/566435 (40%)]	Time_d,m: 0.002,0.179	Lr: 0.000000	Loss_itc: 0.034794
03:29:13 | Train Epoch: 9 [339840/566435 (60%)]	Time_d,m: 0.002,0.176	Lr: 0.000000	Loss_itc: 0.000506
03:39:45 | Train Epoch: 9 [453120/566435 (80%)]	Time_d,m: 0.002,0.185	Lr: 0.000000	Loss_itc: 0.015232
03:50:16 | Train Epoch: 9 [566400/566435 (100%)]	Time_d,m: 0.002,0.172	Lr: 0.000000	Loss_itc: 0.002786
03:50:16 | <Val&Test>
03:51:18 | val   Image to text: 62.32, 86.30, 92.24
03:51:18 | val   Text to image: 46.80, 75.80, 84.97
03:51:18 | val   Now_epoch , rsum:  9, 448.436
03:51:18 | val   Best_epoch, rsum:  9, 448.436
03:52:19 | test  Image to text: 62.32, 86.30, 92.24
03:52:19 | test  Text to image: 46.80, 75.80, 84.97
03:52:19 | test  Now_epoch , rsum:  9, 448.436
03:52:19 | test  Best_epoch, rsum:  9, 448.436
All_time:  32895.83308696747
